\BOOKMARK [0][-]{chapter.1}{\376\377\0001\000\040\000C\000l\000a\000s\000s\000\040\000I\000n\000d\000e\000x}{}% 1
\BOOKMARK [1][-]{section.1.1}{\376\377\0001\000.\0001\000\040\000C\000l\000a\000s\000s\000\040\000L\000i\000s\000t}{chapter.1}% 2
\BOOKMARK [0][-]{chapter.2}{\376\377\0002\000\040\000F\000i\000l\000e\000\040\000I\000n\000d\000e\000x}{}% 3
\BOOKMARK [1][-]{section.2.1}{\376\377\0002\000.\0001\000\040\000F\000i\000l\000e\000\040\000L\000i\000s\000t}{chapter.2}% 4
\BOOKMARK [0][-]{chapter.3}{\376\377\0003\000\040\000C\000l\000a\000s\000s\000\040\000D\000o\000c\000u\000m\000e\000n\000t\000a\000t\000i\000o\000n}{}% 5
\BOOKMARK [1][-]{section.3.1}{\376\377\0003\000.\0001\000\040\000F\000l\000a\000s\000h\000M\000e\000m\000o\000r\000y\000D\000a\000t\000a\000\040\000S\000t\000r\000u\000c\000t\000\040\000R\000e\000f\000e\000r\000e\000n\000c\000e}{chapter.3}% 6
\BOOKMARK [2][-]{subsection.3.1.1}{\376\377\0003\000.\0001\000.\0001\000\040\000M\000e\000m\000b\000e\000r\000\040\000D\000a\000t\000a\000\040\000D\000o\000c\000u\000m\000e\000n\000t\000a\000t\000i\000o\000n}{section.3.1}% 7
\BOOKMARK [3][-]{subsubsection.3.1.1.1}{\376\377\0003\000.\0001\000.\0001\000.\0001\000\040\000b\000l\000u\000e\000L\000E\000D\000V\000a\000l\000u\000e}{subsection.3.1.1}% 8
\BOOKMARK [3][-]{subsubsection.3.1.1.2}{\376\377\0003\000.\0001\000.\0001\000.\0002\000\040\000d\000a\000t\000a\000R\000e\000f\000r\000e\000s\000h\000T\000i\000m\000e\000M\000e\000t}{subsection.3.1.1}% 9
\BOOKMARK [3][-]{subsubsection.3.1.1.3}{\376\377\0003\000.\0001\000.\0001\000.\0003\000\040\000d\000e\000b\000u\000g\000D\000a\000t\000a\000R\000e\000f\000r\000e\000s\000h\000R\000a\000t\000e\000M\000s}{subsection.3.1.1}% 10
\BOOKMARK [3][-]{subsubsection.3.1.1.4}{\376\377\0003\000.\0001\000.\0001\000.\0004\000\040\000d\000r\000i\000v\000e\000r\000N\000a\000m\000e}{subsection.3.1.1}% 11
\BOOKMARK [3][-]{subsubsection.3.1.1.5}{\376\377\0003\000.\0001\000.\0001\000.\0005\000\040\000d\000r\000i\000v\000e\000r\000S\000e\000r\000i\000a\000l\000N\000u\000m\000b\000e\000r}{subsection.3.1.1}% 12
\BOOKMARK [3][-]{subsubsection.3.1.1.6}{\376\377\0003\000.\0001\000.\0001\000.\0006\000\040\000g\000r\000e\000e\000n\000L\000E\000D\000V\000a\000l\000u\000e}{subsection.3.1.1}% 13
\BOOKMARK [3][-]{subsubsection.3.1.1.7}{\376\377\0003\000.\0001\000.\0001\000.\0007\000\040\000m\000o\000d\000e}{subsection.3.1.1}% 14
\BOOKMARK [3][-]{subsubsection.3.1.1.8}{\376\377\0003\000.\0001\000.\0001\000.\0008\000\040\000m\000o\000d\000e\000T\000i\000m\000i\000n\000g\0001}{subsection.3.1.1}% 15
\BOOKMARK [3][-]{subsubsection.3.1.1.9}{\376\377\0003\000.\0001\000.\0001\000.\0009\000\040\000m\000o\000d\000e\000T\000i\000m\000i\000n\000g\0002}{subsection.3.1.1}% 16
\BOOKMARK [3][-]{subsubsection.3.1.1.10}{\376\377\0003\000.\0001\000.\0001\000.\0001\0000\000\040\000m\000o\000d\000e\000T\000i\000m\000i\000n\000g\0003}{subsection.3.1.1}% 17
\BOOKMARK [3][-]{subsubsection.3.1.1.11}{\376\377\0003\000.\0001\000.\0001\000.\0001\0001\000\040\000p\000a\000r\000t\000N\000u\000m\000b\000e\000r}{subsection.3.1.1}% 18
\BOOKMARK [3][-]{subsubsection.3.1.1.12}{\376\377\0003\000.\0001\000.\0001\000.\0001\0002\000\040\000r\000e\000d\000L\000E\000D\000V\000a\000l\000u\000e}{subsection.3.1.1}% 19
\BOOKMARK [3][-]{subsubsection.3.1.1.13}{\376\377\0003\000.\0001\000.\0001\000.\0001\0003\000\040\000r\000f\000T\000e\000l\000e\000m\000e\000t\000r\000y\000E\000n\000a\000b\000l\000e\000d}{subsection.3.1.1}% 20
\BOOKMARK [3][-]{subsubsection.3.1.1.14}{\376\377\0003\000.\0001\000.\0001\000.\0001\0004\000\040\000s\000e\000r\000i\000a\000l\000D\000e\000b\000u\000g\000g\000i\000n\000g\000L\000e\000v\000e\000l}{subsection.3.1.1}% 21
\BOOKMARK [3][-]{subsubsection.3.1.1.15}{\376\377\0003\000.\0001\000.\0001\000.\0001\0005\000\040\000s\000e\000r\000i\000a\000l\000T\000e\000l\000e\000m\000e\000t\000r\000y\000E\000n\000a\000b\000l\000e\000d}{subsection.3.1.1}% 22
\BOOKMARK [3][-]{subsubsection.3.1.1.16}{\376\377\0003\000.\0001\000.\0001\000.\0001\0006\000\040\000t\000e\000m\000p\000e\000r\000a\000t\000u\000r\000e\000P\000r\000o\000t\000e\000c\000t\000i\000o\000n\000E\000n\000a\000b\000l\000e\000d}{subsection.3.1.1}% 23
\BOOKMARK [3][-]{subsubsection.3.1.1.17}{\376\377\0003\000.\0001\000.\0001\000.\0001\0007\000\040\000t\000e\000s\000t\000D\000a\000t\000a\000O\000u\000t\000p\000u\000t\000E\000n\000a\000b\000l\000e\000d}{subsection.3.1.1}% 24
\BOOKMARK [3][-]{subsubsection.3.1.1.18}{\376\377\0003\000.\0001\000.\0001\000.\0001\0008\000\040\000t\000i\000m\000e\000O\000f\000U\000s\000e\000M\000i\000n}{subsection.3.1.1}% 25
\BOOKMARK [3][-]{subsubsection.3.1.1.19}{\376\377\0003\000.\0001\000.\0001\000.\0001\0009\000\040\000v\000o\000l\000t\000a\000g\000e\000P\000r\000o\000t\000e\000c\000t\000i\000o\000n\000E\000n\000a\000b\000l\000e\000d}{subsection.3.1.1}% 26
\BOOKMARK [1][-]{section.3.2}{\376\377\0003\000.\0002\000\040\000S\000C\000S\000t\000a\000t\000u\000s\000\040\000S\000t\000r\000u\000c\000t\000\040\000R\000e\000f\000e\000r\000e\000n\000c\000e}{chapter.3}% 27
\BOOKMARK [2][-]{subsection.3.2.1}{\376\377\0003\000.\0002\000.\0001\000\040\000M\000e\000m\000b\000e\000r\000\040\000D\000a\000t\000a\000\040\000D\000o\000c\000u\000m\000e\000n\000t\000a\000t\000i\000o\000n}{section.3.2}% 28
\BOOKMARK [3][-]{subsubsection.3.2.1.1}{\376\377\0003\000.\0002\000.\0001\000.\0001\000\040\000L\000E\000D\000I\000n\000t\000e\000n\000s\000i\000t\000y}{subsection.3.2.1}% 29
\BOOKMARK [3][-]{subsubsection.3.2.1.2}{\376\377\0003\000.\0002\000.\0001\000.\0002\000\040\000S\000C\000d\000r\000i\000v\000e\000r\000F\000a\000u\000l\000t\000F\000l\000a\000g}{subsection.3.2.1}% 30
\BOOKMARK [1][-]{section.3.3}{\376\377\0003\000.\0003\000\040\000s\000e\000n\000s\000o\000r\000F\000e\000e\000d\000b\000a\000c\000k\000\040\000S\000t\000r\000u\000c\000t\000\040\000R\000e\000f\000e\000r\000e\000n\000c\000e}{chapter.3}% 31
\BOOKMARK [2][-]{subsection.3.3.1}{\376\377\0003\000.\0003\000.\0001\000\040\000D\000e\000t\000a\000i\000l\000e\000d\000\040\000D\000e\000s\000c\000r\000i\000p\000t\000i\000o\000n}{section.3.3}% 32
\BOOKMARK [2][-]{subsection.3.3.2}{\376\377\0003\000.\0003\000.\0002\000\040\000M\000e\000m\000b\000e\000r\000\040\000D\000a\000t\000a\000\040\000D\000o\000c\000u\000m\000e\000n\000t\000a\000t\000i\000o\000n}{section.3.3}% 33
\BOOKMARK [3][-]{subsubsection.3.3.2.1}{\376\377\0003\000.\0003\000.\0002\000.\0001\000\040\000i\000n\000p\000u\000t\000H\000i\000t\000C\000r\000i\000t\000i\000c\000a\000l\000V\000o\000l\000t\000a\000g\000e}{subsection.3.3.2}% 34
\BOOKMARK [3][-]{subsubsection.3.3.2.2}{\376\377\0003\000.\0003\000.\0002\000.\0002\000\040\000i\000n\000p\000u\000t\000H\000i\000t\000W\000a\000r\000n\000i\000n\000g\000V\000o\000l\000t\000a\000g\000e}{subsection.3.3.2}% 35
\BOOKMARK [3][-]{subsubsection.3.3.2.3}{\376\377\0003\000.\0003\000.\0002\000.\0003\000\040\000i\000n\000p\000u\000t\000V\000o\000l\000t\000a\000g\000e\000i\000n\000V}{subsection.3.3.2}% 36
\BOOKMARK [3][-]{subsubsection.3.3.2.4}{\376\377\0003\000.\0003\000.\0002\000.\0004\000\040\000L\000E\000D\000H\000i\000t\000C\000r\000i\000t\000i\000c\000a\000l\000T\000e\000m\000p}{subsection.3.3.2}% 37
\BOOKMARK [3][-]{subsubsection.3.3.2.5}{\376\377\0003\000.\0003\000.\0002\000.\0005\000\040\000L\000E\000D\000H\000i\000t\000W\000a\000r\000n\000i\000n\000g\000T\000e\000m\000p}{subsection.3.3.2}% 38
\BOOKMARK [3][-]{subsubsection.3.3.2.6}{\376\377\0003\000.\0003\000.\0002\000.\0006\000\040\000L\000E\000D\000T\000e\000m\000p\000i\000n\000C}{subsection.3.3.2}% 39
\BOOKMARK [3][-]{subsubsection.3.3.2.7}{\376\377\0003\000.\0003\000.\0002\000.\0007\000\040\000r\000F\000D\000u\000i\000n\000o\000O\000v\000e\000r\000T\000e\000m\000p}{subsection.3.3.2}% 40
\BOOKMARK [3][-]{subsubsection.3.3.2.8}{\376\377\0003\000.\0003\000.\0002\000.\0008\000\040\000r\000F\000D\000u\000i\000n\000o\000T\000e\000m\000p\000i\000n\000C}{subsection.3.3.2}% 41
\BOOKMARK [1][-]{section.3.4}{\376\377\0003\000.\0004\000\040\000T\000i\000m\000e\000r\000C\000l\000a\000s\000s\000\040\000C\000l\000a\000s\000s\000\040\000R\000e\000f\000e\000r\000e\000n\000c\000e}{chapter.3}% 42
\BOOKMARK [2][-]{subsection.3.4.1}{\376\377\0003\000.\0004\000.\0001\000\040\000C\000o\000n\000s\000t\000r\000u\000c\000t\000o\000r\000\040\000\046\000\040\000D\000e\000s\000t\000r\000u\000c\000t\000o\000r\000\040\000D\000o\000c\000u\000m\000e\000n\000t\000a\000t\000i\000o\000n}{section.3.4}% 43
\BOOKMARK [3][-]{subsubsection.3.4.1.1}{\376\377\0003\000.\0004\000.\0001\000.\0001\000\040\000T\000i\000m\000e\000r\000C\000l\000a\000s\000s\000\050\000\051}{subsection.3.4.1}% 44
\BOOKMARK [2][-]{subsection.3.4.2}{\376\377\0003\000.\0004\000.\0002\000\040\000M\000e\000m\000b\000e\000r\000\040\000F\000u\000n\000c\000t\000i\000o\000n\000\040\000D\000o\000c\000u\000m\000e\000n\000t\000a\000t\000i\000o\000n}{section.3.4}% 45
\BOOKMARK [3][-]{subsubsection.3.4.2.1}{\376\377\0003\000.\0004\000.\0002\000.\0001\000\040\000g\000e\000t\000E\000l\000a\000p\000s\000e\000d\000T\000i\000m\000e\000M\000s\000\050\000v\000o\000i\000d\000\051}{subsection.3.4.2}% 46
\BOOKMARK [3][-]{subsubsection.3.4.2.2}{\376\377\0003\000.\0004\000.\0002\000.\0002\000\040\000r\000e\000s\000e\000t\000T\000i\000m\000e\000r\000\050\000v\000o\000i\000d\000\051}{subsection.3.4.2}% 47
\BOOKMARK [3][-]{subsubsection.3.4.2.3}{\376\377\0003\000.\0004\000.\0002\000.\0003\000\040\000s\000t\000a\000r\000t\000T\000i\000m\000e\000r\000\050\000v\000o\000i\000d\000\051}{subsection.3.4.2}% 48
\BOOKMARK [3][-]{subsubsection.3.4.2.4}{\376\377\0003\000.\0004\000.\0002\000.\0004\000\040\000s\000t\000o\000p\000T\000i\000m\000e\000r\000\050\000v\000o\000i\000d\000\051}{subsection.3.4.2}% 49
\BOOKMARK [2][-]{subsection.3.4.3}{\376\377\0003\000.\0004\000.\0003\000\040\000M\000e\000m\000b\000e\000r\000\040\000D\000a\000t\000a\000\040\000D\000o\000c\000u\000m\000e\000n\000t\000a\000t\000i\000o\000n}{section.3.4}% 50
\BOOKMARK [3][-]{subsubsection.3.4.3.1}{\376\377\0003\000.\0004\000.\0003\000.\0001\000\040\000t\000i\000m\000e\000O\000u\000t\000M\000s}{subsection.3.4.3}% 51
\BOOKMARK [0][-]{chapter.4}{\376\377\0004\000\040\000F\000i\000l\000e\000\040\000D\000o\000c\000u\000m\000e\000n\000t\000a\000t\000i\000o\000n}{}% 52
\BOOKMARK [1][-]{section.4.1}{\376\377\0004\000.\0001\000\040\000F\000a\000u\000l\000t\000H\000a\000n\000d\000l\000e\000r\000.\000c\000p\000p\000\040\000F\000i\000l\000e\000\040\000R\000e\000f\000e\000r\000e\000n\000c\000e}{chapter.4}% 53
\BOOKMARK [2][-]{subsection.4.1.1}{\376\377\0004\000.\0001\000.\0001\000\040\000F\000u\000n\000c\000t\000i\000o\000n\000\040\000D\000o\000c\000u\000m\000e\000n\000t\000a\000t\000i\000o\000n}{section.4.1}% 54
\BOOKMARK [3][-]{subsubsection.4.1.1.1}{\376\377\0004\000.\0001\000.\0001\000.\0001\000\040\000i\000n\000p\000u\000t\000V\000o\000l\000t\000a\000g\000e\000E\000r\000r\000o\000r\000B\000e\000h\000a\000v\000i\000o\000r\000\050\000v\000o\000i\000d\000\051}{subsection.4.1.1}% 55
\BOOKMARK [3][-]{subsubsection.4.1.1.2}{\376\377\0004\000.\0001\000.\0001\000.\0002\000\040\000l\000e\000d\000O\000v\000e\000r\000T\000e\000m\000p\000B\000e\000h\000a\000v\000i\000o\000r\000\050\000v\000o\000i\000d\000\051}{subsection.4.1.1}% 56
\BOOKMARK [3][-]{subsubsection.4.1.1.3}{\376\377\0004\000.\0001\000.\0001\000.\0003\000\040\000p\000r\000o\000c\000e\000s\000s\000R\000G\000B\000F\000a\000u\000l\000t\000\050\000v\000o\000i\000d\000\051}{subsection.4.1.1}% 57
\BOOKMARK [3][-]{subsubsection.4.1.1.4}{\376\377\0004\000.\0001\000.\0001\000.\0004\000\040\000p\000r\000o\000c\000e\000s\000s\000S\000C\000F\000a\000u\000l\000t\000\050\000v\000o\000i\000d\000\051}{subsection.4.1.1}% 58
\BOOKMARK [3][-]{subsubsection.4.1.1.5}{\376\377\0004\000.\0001\000.\0001\000.\0005\000\040\000r\000e\000a\000c\000t\000T\000o\000S\000e\000n\000s\000o\000r\000s\000\050\000v\000o\000i\000d\000\051}{subsection.4.1.1}% 59
\BOOKMARK [2][-]{subsection.4.1.2}{\376\377\0004\000.\0001\000.\0002\000\040\000V\000a\000r\000i\000a\000b\000l\000e\000\040\000D\000o\000c\000u\000m\000e\000n\000t\000a\000t\000i\000o\000n}{section.4.1}% 60
\BOOKMARK [3][-]{subsubsection.4.1.2.1}{\376\377\0004\000.\0001\000.\0002\000.\0001\000\040\000T\000e\000m\000p\000E\000r\000r\000o\000r\000T\000i\000m\000e\000r}{subsection.4.1.2}% 61
\BOOKMARK [3][-]{subsubsection.4.1.2.2}{\376\377\0004\000.\0001\000.\0002\000.\0002\000\040\000V\000o\000l\000t\000a\000g\000e\000T\000i\000m\000e\000r}{subsection.4.1.2}% 62
\BOOKMARK [1][-]{section.4.2}{\376\377\0004\000.\0002\000\040\000F\000a\000u\000l\000t\000H\000a\000n\000d\000l\000e\000r\000.\000h\000\040\000F\000i\000l\000e\000\040\000R\000e\000f\000e\000r\000e\000n\000c\000e}{chapter.4}% 63
\BOOKMARK [2][-]{subsection.4.2.1}{\376\377\0004\000.\0002\000.\0001\000\040\000M\000a\000c\000r\000o\000\040\000D\000e\000f\000i\000n\000i\000t\000i\000o\000n\000\040\000D\000o\000c\000u\000m\000e\000n\000t\000a\000t\000i\000o\000n}{section.4.2}% 64
\BOOKMARK [3][-]{subsubsection.4.2.1.1}{\376\377\0004\000.\0002\000.\0001\000.\0001\000\040\000L\000E\000D\000O\000V\000E\000R\000T\000E\000M\000P\000F\000I\000R\000S\000T\000R\000E\000D\000U\000C\000T\000I\000O\000N\000P\000E\000R\000C\000E\000N\000T\000A\000G\000E}{subsection.4.2.1}% 65
\BOOKMARK [2][-]{subsection.4.2.2}{\376\377\0004\000.\0002\000.\0002\000\040\000F\000u\000n\000c\000t\000i\000o\000n\000\040\000D\000o\000c\000u\000m\000e\000n\000t\000a\000t\000i\000o\000n}{section.4.2}% 66
\BOOKMARK [3][-]{subsubsection.4.2.2.1}{\376\377\0004\000.\0002\000.\0002\000.\0001\000\040\000p\000r\000o\000c\000e\000s\000s\000R\000G\000B\000F\000a\000u\000l\000t\000\050\000v\000o\000i\000d\000\051}{subsection.4.2.2}% 67
\BOOKMARK [3][-]{subsubsection.4.2.2.2}{\376\377\0004\000.\0002\000.\0002\000.\0002\000\040\000p\000r\000o\000c\000e\000s\000s\000S\000C\000F\000a\000u\000l\000t\000\050\000v\000o\000i\000d\000\051}{subsection.4.2.2}% 68
\BOOKMARK [1][-]{section.4.3}{\376\377\0004\000.\0003\000\040\000G\000l\000o\000b\000a\000l\000s\000.\000c\000p\000p\000\040\000F\000i\000l\000e\000\040\000R\000e\000f\000e\000r\000e\000n\000c\000e}{chapter.4}% 69
\BOOKMARK [2][-]{subsection.4.3.1}{\376\377\0004\000.\0003\000.\0001\000\040\000F\000u\000n\000c\000t\000i\000o\000n\000\040\000D\000o\000c\000u\000m\000e\000n\000t\000a\000t\000i\000o\000n}{section.4.3}% 70
\BOOKMARK [3][-]{subsubsection.4.3.1.1}{\376\377\0004\000.\0003\000.\0001\000.\0001\000\040\000l\000o\000a\000d\000F\000l\000a\000s\000h\000M\000e\000m\000o\000r\000y\000V\000a\000l\000u\000e\000s\000\050\000v\000o\000i\000d\000\051}{subsection.4.3.1}% 71
\BOOKMARK [2][-]{subsection.4.3.2}{\376\377\0004\000.\0003\000.\0002\000\040\000V\000a\000r\000i\000a\000b\000l\000e\000\040\000D\000o\000c\000u\000m\000e\000n\000t\000a\000t\000i\000o\000n}{section.4.3}% 72
\BOOKMARK [3][-]{subsubsection.4.3.2.1}{\376\377\0004\000.\0003\000.\0002\000.\0001\000\040\000e\000l\000a\000p\000s\000e\000d\000T\000i\000m\000e\000M\000s}{subsection.4.3.2}% 73
\BOOKMARK [3][-]{subsubsection.4.3.2.2}{\376\377\0004\000.\0003\000.\0002\000.\0002\000\040\000F\000l\000a\000s\000h\000M\000e\000m\000o\000r\000y\000D\000a\000t\000a}{subsection.4.3.2}% 74
\BOOKMARK [3][-]{subsubsection.4.3.2.3}{\376\377\0004\000.\0003\000.\0002\000.\0003\000\040\000g\000b\000l\000S\000C\000S\000t\000a\000t\000u\000s}{subsection.4.3.2}% 75
\BOOKMARK [3][-]{subsubsection.4.3.2.4}{\376\377\0004\000.\0003\000.\0002\000.\0004\000\040\000g\000b\000l\000s\000y\000s\000t\000e\000m\000B\000o\000o\000t\000F\000l\000a\000g}{subsection.4.3.2}% 76
\BOOKMARK [3][-]{subsubsection.4.3.2.5}{\376\377\0004\000.\0003\000.\0002\000.\0005\000\040\000g\000b\000l\000s\000y\000s\000t\000e\000m\000S\000t\000a\000t\000e}{subsection.4.3.2}% 77
\BOOKMARK [3][-]{subsubsection.4.3.2.6}{\376\377\0004\000.\0003\000.\0002\000.\0006\000\040\000g\000b\000l\000s\000y\000s\000t\000e\000m\000T\000i\000m\000e\000r\000i\000n\000M\000s}{subsection.4.3.2}% 78
\BOOKMARK [3][-]{subsubsection.4.3.2.7}{\376\377\0004\000.\0003\000.\0002\000.\0007\000\040\000s\000t\000a\000r\000t\000T\000i\000m\000e\000M\000s}{subsection.4.3.2}% 79
\BOOKMARK [3][-]{subsubsection.4.3.2.8}{\376\377\0004\000.\0003\000.\0002\000.\0008\000\040\000s\000t\000o\000p\000T\000i\000m\000e\000M\000s}{subsection.4.3.2}% 80
\BOOKMARK [1][-]{section.4.4}{\376\377\0004\000.\0004\000\040\000G\000l\000o\000b\000a\000l\000s\000.\000h\000\040\000F\000i\000l\000e\000\040\000R\000e\000f\000e\000r\000e\000n\000c\000e}{chapter.4}% 81
\BOOKMARK [2][-]{subsection.4.4.1}{\376\377\0004\000.\0004\000.\0001\000\040\000F\000u\000n\000c\000t\000i\000o\000n\000\040\000D\000o\000c\000u\000m\000e\000n\000t\000a\000t\000i\000o\000n}{section.4.4}% 82
\BOOKMARK [3][-]{subsubsection.4.4.1.1}{\376\377\0004\000.\0004\000.\0001\000.\0001\000\040\000l\000o\000a\000d\000F\000l\000a\000s\000h\000M\000e\000m\000o\000r\000y\000V\000a\000l\000u\000e\000s\000\050\000v\000o\000i\000d\000\051}{subsection.4.4.1}% 83
\BOOKMARK [3][-]{subsubsection.4.4.1.2}{\376\377\0004\000.\0004\000.\0001\000.\0002\000\040\000w\000r\000i\000t\000e\000A\000l\000l\000S\000e\000t\000t\000i\000n\000g\000s\000T\000o\000F\000l\000a\000s\000h\000\050\000v\000o\000i\000d\000\051}{subsection.4.4.1}% 84
\BOOKMARK [3][-]{subsubsection.4.4.1.3}{\376\377\0004\000.\0004\000.\0001\000.\0003\000\040\000w\000r\000i\000t\000e\000N\000e\000w\000T\000i\000m\000e\000o\000f\000U\000s\000e\000T\000o\000F\000l\000a\000s\000h\000\050\000v\000o\000i\000d\000\051}{subsection.4.4.1}% 85
\BOOKMARK [2][-]{subsection.4.4.2}{\376\377\0004\000.\0004\000.\0002\000\040\000V\000a\000r\000i\000a\000b\000l\000e\000\040\000D\000o\000c\000u\000m\000e\000n\000t\000a\000t\000i\000o\000n}{section.4.4}% 86
\BOOKMARK [3][-]{subsubsection.4.4.2.1}{\376\377\0004\000.\0004\000.\0002\000.\0001\000\040\000F\000l\000a\000s\000h\000M\000e\000m\000o\000r\000y\000D\000a\000t\000a}{subsection.4.4.2}% 87
\BOOKMARK [3][-]{subsubsection.4.4.2.2}{\376\377\0004\000.\0004\000.\0002\000.\0002\000\040\000g\000b\000l\000S\000C\000S\000t\000a\000t\000u\000s}{subsection.4.4.2}% 88
\BOOKMARK [3][-]{subsubsection.4.4.2.3}{\376\377\0004\000.\0004\000.\0002\000.\0003\000\040\000g\000b\000l\000s\000y\000s\000t\000e\000m\000B\000o\000o\000t\000F\000l\000a\000g}{subsection.4.4.2}% 89
\BOOKMARK [3][-]{subsubsection.4.4.2.4}{\376\377\0004\000.\0004\000.\0002\000.\0004\000\040\000g\000b\000l\000s\000y\000s\000t\000e\000m\000S\000t\000a\000t\000e}{subsection.4.4.2}% 90
\BOOKMARK [3][-]{subsubsection.4.4.2.5}{\376\377\0004\000.\0004\000.\0002\000.\0005\000\040\000g\000b\000l\000s\000y\000s\000t\000e\000m\000T\000i\000m\000e\000r\000i\000n\000M\000s}{subsection.4.4.2}% 91
\BOOKMARK [1][-]{section.4.5}{\376\377\0004\000.\0005\000\040\000H\000a\000r\000d\000w\000a\000r\000e\000C\000o\000n\000f\000i\000g\000u\000r\000a\000t\000i\000o\000n\000.\000h\000\040\000F\000i\000l\000e\000\040\000R\000e\000f\000e\000r\000e\000n\000c\000e}{chapter.4}% 92
\BOOKMARK [2][-]{subsection.4.5.1}{\376\377\0004\000.\0005\000.\0001\000\040\000M\000a\000c\000r\000o\000\040\000D\000e\000f\000i\000n\000i\000t\000i\000o\000n\000\040\000D\000o\000c\000u\000m\000e\000n\000t\000a\000t\000i\000o\000n}{section.4.5}% 93
\BOOKMARK [3][-]{subsubsection.4.5.1.1}{\376\377\0004\000.\0005\000.\0001\000.\0001\000\040\000D\000E\000B\000U\000G\000R\000E\000F\000R\000E\000S\000H\000R\000A\000T\000E}{subsection.4.5.1}% 94
\BOOKMARK [3][-]{subsubsection.4.5.1.2}{\376\377\0004\000.\0005\000.\0001\000.\0002\000\040\000R\000F\000T\000E\000L\000E\000M\000E\000T\000R\000Y\000E\000N\000A\000B\000L\000E\000D}{subsection.4.5.1}% 95
\BOOKMARK [3][-]{subsubsection.4.5.1.3}{\376\377\0004\000.\0005\000.\0001\000.\0003\000\040\000R\000G\000B\000D\000R\000I\000V\000E\000R}{subsection.4.5.1}% 96
\BOOKMARK [3][-]{subsubsection.4.5.1.4}{\376\377\0004\000.\0005\000.\0001\000.\0004\000\040\000r\000o\000w\0001}{subsection.4.5.1}% 97
\BOOKMARK [3][-]{subsubsection.4.5.1.5}{\376\377\0004\000.\0005\000.\0001\000.\0005\000\040\000r\000o\000w\0002}{subsection.4.5.1}% 98
\BOOKMARK [3][-]{subsubsection.4.5.1.6}{\376\377\0004\000.\0005\000.\0001\000.\0006\000\040\000r\000o\000w\0003}{subsection.4.5.1}% 99
\BOOKMARK [3][-]{subsubsection.4.5.1.7}{\376\377\0004\000.\0005\000.\0001\000.\0007\000\040\000r\000o\000w\0004}{subsection.4.5.1}% 100
\BOOKMARK [3][-]{subsubsection.4.5.1.8}{\376\377\0004\000.\0005\000.\0001\000.\0008\000\040\000r\000o\000w\0005}{subsection.4.5.1}% 101
\BOOKMARK [3][-]{subsubsection.4.5.1.9}{\376\377\0004\000.\0005\000.\0001\000.\0009\000\040\000r\000o\000w\0006}{subsection.4.5.1}% 102
\BOOKMARK [3][-]{subsubsection.4.5.1.10}{\376\377\0004\000.\0005\000.\0001\000.\0001\0000\000\040\000S\000E\000R\000I\000A\000L\000T\000E\000L\000E\000M\000E\000T\000R\000Y\000E\000N\000A\000B\000L\000E\000D}{subsection.4.5.1}% 103
\BOOKMARK [3][-]{subsubsection.4.5.1.11}{\376\377\0004\000.\0005\000.\0001\000.\0001\0001\000\040\000S\000O\000F\000T\000W\000A\000R\000E\000V\000E\000R\000S\000I\000O\000N}{subsection.4.5.1}% 104
\BOOKMARK [1][-]{section.4.6}{\376\377\0004\000.\0006\000\040\000L\000E\000D\000C\000o\000n\000t\000r\000o\000l\000M\000a\000n\000a\000g\000e\000r\000.\000c\000p\000p\000\040\000F\000i\000l\000e\000\040\000R\000e\000f\000e\000r\000e\000n\000c\000e}{chapter.4}% 105
\BOOKMARK [2][-]{subsection.4.6.1}{\376\377\0004\000.\0006\000.\0001\000\040\000F\000u\000n\000c\000t\000i\000o\000n\000\040\000D\000o\000c\000u\000m\000e\000n\000t\000a\000t\000i\000o\000n}{section.4.6}% 106
\BOOKMARK [3][-]{subsubsection.4.6.1.1}{\376\377\0004\000.\0006\000.\0001\000.\0001\000\040\000s\000e\000t\000R\000e\000d\000P\000W\000M\000\050\000c\000h\000a\000r\000\040\000p\000e\000r\000c\000e\000n\000t\000\051}{subsection.4.6.1}% 107
\BOOKMARK [3][-]{subsubsection.4.6.1.2}{\376\377\0004\000.\0006\000.\0001\000.\0002\000\040\000s\000e\000t\000S\000C\000I\000n\000t\000e\000n\000s\000i\000t\000y\000\050\000v\000o\000i\000d\000\051}{subsection.4.6.1}% 108
\BOOKMARK [1][-]{section.4.7}{\376\377\0004\000.\0007\000\040\000L\000E\000D\000C\000o\000n\000t\000r\000o\000l\000M\000a\000n\000a\000g\000e\000r\000.\000h\000\040\000F\000i\000l\000e\000\040\000R\000e\000f\000e\000r\000e\000n\000c\000e}{chapter.4}% 109
\BOOKMARK [2][-]{subsection.4.7.1}{\376\377\0004\000.\0007\000.\0001\000\040\000F\000u\000n\000c\000t\000i\000o\000n\000\040\000D\000o\000c\000u\000m\000e\000n\000t\000a\000t\000i\000o\000n}{section.4.7}% 110
\BOOKMARK [3][-]{subsubsection.4.7.1.1}{\376\377\0004\000.\0007\000.\0001\000.\0001\000\040\000o\000n\000C\000o\000n\000n\000e\000c\000t\000F\000l\000a\000s\000h\000\050\000v\000o\000i\000d\000\051}{subsection.4.7.1}% 111
\BOOKMARK [3][-]{subsubsection.4.7.1.2}{\376\377\0004\000.\0007\000.\0001\000.\0002\000\040\000o\000n\000D\000i\000s\000c\000o\000n\000n\000e\000c\000t\000F\000l\000a\000s\000h\000\050\000v\000o\000i\000d\000\051}{subsection.4.7.1}% 112
\BOOKMARK [3][-]{subsubsection.4.7.1.3}{\376\377\0004\000.\0007\000.\0001\000.\0003\000\040\000s\000e\000t\000B\000l\000u\000e\000P\000W\000M\000\050\000c\000h\000a\000r\000\040\000p\000e\000r\000c\000e\000n\000t\000\051}{subsection.4.7.1}% 113
\BOOKMARK [3][-]{subsubsection.4.7.1.4}{\376\377\0004\000.\0007\000.\0001\000.\0004\000\040\000s\000e\000t\000G\000r\000e\000e\000n\000P\000W\000M\000\050\000c\000h\000a\000r\000\040\000p\000e\000r\000c\000e\000n\000t\000\051}{subsection.4.7.1}% 114
\BOOKMARK [3][-]{subsubsection.4.7.1.5}{\376\377\0004\000.\0007\000.\0001\000.\0005\000\040\000s\000e\000t\000R\000e\000d\000P\000W\000M\000\050\000c\000h\000a\000r\000\040\000p\000e\000r\000c\000e\000n\000t\000\051}{subsection.4.7.1}% 115
\BOOKMARK [3][-]{subsubsection.4.7.1.6}{\376\377\0004\000.\0007\000.\0001\000.\0006\000\040\000s\000e\000t\000R\000G\000B\000C\000o\000l\000o\000r\000s\000\050\000v\000o\000i\000d\000\051}{subsection.4.7.1}% 116
\BOOKMARK [3][-]{subsubsection.4.7.1.7}{\376\377\0004\000.\0007\000.\0001\000.\0007\000\040\000s\000e\000t\000S\000C\000I\000n\000t\000e\000n\000s\000i\000t\000y\000\050\000v\000o\000i\000d\000\051}{subsection.4.7.1}% 117
\BOOKMARK [1][-]{section.4.8}{\376\377\0004\000.\0008\000\040\000M\000e\000m\000o\000r\000y\000.\000c\000\040\000F\000i\000l\000e\000\040\000R\000e\000f\000e\000r\000e\000n\000c\000e}{chapter.4}% 118
\BOOKMARK [1][-]{section.4.9}{\376\377\0004\000.\0009\000\040\000M\000e\000m\000o\000r\000y\000.\000h\000\040\000F\000i\000l\000e\000\040\000R\000e\000f\000e\000r\000e\000n\000c\000e}{chapter.4}% 119
\BOOKMARK [2][-]{subsection.4.9.1}{\376\377\0004\000.\0009\000.\0001\000\040\000M\000a\000c\000r\000o\000\040\000D\000e\000f\000i\000n\000i\000t\000i\000o\000n\000\040\000D\000o\000c\000u\000m\000e\000n\000t\000a\000t\000i\000o\000n}{section.4.9}% 120
\BOOKMARK [3][-]{subsubsection.4.9.1.1}{\376\377\0004\000.\0009\000.\0001\000.\0001\000\040\000M\000A\000X\000N\000U\000M\000B\000E\000R\000O\000F\000F\000L\000A\000S\000H\000W\000R\000I\000T\000E\000S}{subsection.4.9.1}% 121
\BOOKMARK [3][-]{subsubsection.4.9.1.2}{\376\377\0004\000.\0009\000.\0001\000.\0002\000\040\000T\000I\000M\000E\000O\000F\000U\000S\000E\000P\000E\000R\000I\000O\000D\000I\000N\000M\000S}{subsection.4.9.1}% 122
\BOOKMARK [1][-]{section.4.10}{\376\377\0004\000.\0001\0000\000\040\000P\000i\000n\000D\000e\000f\000i\000n\000i\000t\000i\000o\000n\000s\000.\000h\000\040\000F\000i\000l\000e\000\040\000R\000e\000f\000e\000r\000e\000n\000c\000e}{chapter.4}% 123
\BOOKMARK [2][-]{subsection.4.10.1}{\376\377\0004\000.\0001\0000\000.\0001\000\040\000M\000a\000c\000r\000o\000\040\000D\000e\000f\000i\000n\000i\000t\000i\000o\000n\000\040\000D\000o\000c\000u\000m\000e\000n\000t\000a\000t\000i\000o\000n}{section.4.10}% 124
\BOOKMARK [3][-]{subsubsection.4.10.1.1}{\376\377\0004\000.\0001\0000\000.\0001\000.\0001\000\040\000B\000L\000U\000E\000L\000E\000D\000P\000I\000N}{subsection.4.10.1}% 125
\BOOKMARK [3][-]{subsubsection.4.10.1.2}{\376\377\0004\000.\0001\0000\000.\0001\000.\0002\000\040\000G\000R\000E\000E\000N\000L\000E\000D\000P\000I\000N}{subsection.4.10.1}% 126
\BOOKMARK [3][-]{subsubsection.4.10.1.3}{\376\377\0004\000.\0001\0000\000.\0001\000.\0003\000\040\000I\000N\000P\000U\000T\000V\000O\000L\000T\000A\000G\000E\000P\000I\000N}{subsection.4.10.1}% 127
\BOOKMARK [3][-]{subsubsection.4.10.1.4}{\376\377\0004\000.\0001\0000\000.\0001\000.\0004\000\040\000L\000E\000D\000B\000O\000A\000R\000D\000T\000E\000M\000P\000P\000I\000N}{subsection.4.10.1}% 128
\BOOKMARK [3][-]{subsubsection.4.10.1.5}{\376\377\0004\000.\0001\0000\000.\0001\000.\0005\000\040\000R\000E\000D\000L\000E\000D\000P\000I\000N}{subsection.4.10.1}% 129
\BOOKMARK [1][-]{section.4.11}{\376\377\0004\000.\0001\0001\000\040\000S\000e\000n\000s\000o\000r\000M\000a\000n\000a\000g\000e\000r\000.\000c\000p\000p\000\040\000F\000i\000l\000e\000\040\000R\000e\000f\000e\000r\000e\000n\000c\000e}{chapter.4}% 130
\BOOKMARK [2][-]{subsection.4.11.1}{\376\377\0004\000.\0001\0001\000.\0001\000\040\000F\000u\000n\000c\000t\000i\000o\000n\000\040\000D\000o\000c\000u\000m\000e\000n\000t\000a\000t\000i\000o\000n}{section.4.11}% 131
\BOOKMARK [3][-]{subsubsection.4.11.1.1}{\376\377\0004\000.\0001\0001\000.\0001\000.\0001\000\040\000c\000h\000e\000c\000k\000S\000e\000n\000s\000o\000r\000s\000\050\000v\000o\000i\000d\000\051}{subsection.4.11.1}% 132
\BOOKMARK [3][-]{subsubsection.4.11.1.2}{\376\377\0004\000.\0001\0001\000.\0001\000.\0002\000\040\000g\000e\000t\000I\000n\000p\000u\000t\000V\000o\000l\000t\000a\000g\000e\000i\000n\000V\000\050\000v\000o\000i\000d\000\051}{subsection.4.11.1}% 133
\BOOKMARK [3][-]{subsubsection.4.11.1.3}{\376\377\0004\000.\0001\0001\000.\0001\000.\0003\000\040\000g\000e\000t\000L\000E\000D\000T\000e\000m\000p\000i\000n\000C\000\050\000v\000o\000i\000d\000\051}{subsection.4.11.1}% 134
\BOOKMARK [2][-]{subsection.4.11.2}{\376\377\0004\000.\0001\0001\000.\0002\000\040\000V\000a\000r\000i\000a\000b\000l\000e\000\040\000D\000o\000c\000u\000m\000e\000n\000t\000a\000t\000i\000o\000n}{section.4.11}% 135
\BOOKMARK [3][-]{subsubsection.4.11.2.1}{\376\377\0004\000.\0001\0001\000.\0002\000.\0001\000\040\000s\000e\000n\000s\000o\000r\000F\000e\000e\000d\000b\000a\000c\000k}{subsection.4.11.2}% 136
\BOOKMARK [3][-]{subsubsection.4.11.2.2}{\376\377\0004\000.\0001\0001\000.\0002\000.\0002\000\040\000V\000o\000l\000t\000a\000g\000e\000T\000i\000m\000e}{subsection.4.11.2}% 137
\BOOKMARK [1][-]{section.4.12}{\376\377\0004\000.\0001\0002\000\040\000S\000e\000n\000s\000o\000r\000M\000a\000n\000a\000g\000e\000r\000.\000h\000\040\000F\000i\000l\000e\000\040\000R\000e\000f\000e\000r\000e\000n\000c\000e}{chapter.4}% 138
\BOOKMARK [2][-]{subsection.4.12.1}{\376\377\0004\000.\0001\0002\000.\0001\000\040\000M\000a\000c\000r\000o\000\040\000D\000e\000f\000i\000n\000i\000t\000i\000o\000n\000\040\000D\000o\000c\000u\000m\000e\000n\000t\000a\000t\000i\000o\000n}{section.4.12}% 139
\BOOKMARK [3][-]{subsubsection.4.12.1.1}{\376\377\0004\000.\0001\0002\000.\0001\000.\0001\000\040\000A\000D\000C\000R\000E\000S\000O\000L\000U\000T\000I\000O\000N}{subsection.4.12.1}% 140
\BOOKMARK [3][-]{subsubsection.4.12.1.2}{\376\377\0004\000.\0001\0002\000.\0001\000.\0002\000\040\000A\000D\000C\000V\000O\000L\000T\000A\000G\000E\000R\000E\000F}{subsection.4.12.1}% 141
\BOOKMARK [3][-]{subsubsection.4.12.1.3}{\376\377\0004\000.\0001\0002\000.\0001\000.\0003\000\040\000I\000N\000P\000U\000T\000V\000O\000L\000T\000A\000G\000E\000C\000R\000I\000T\000I\000C\000A\000L\000V}{subsection.4.12.1}% 142
\BOOKMARK [3][-]{subsubsection.4.12.1.4}{\376\377\0004\000.\0001\0002\000.\0001\000.\0004\000\040\000I\000N\000P\000U\000T\000V\000O\000L\000T\000A\000G\000E\000S\000A\000G\000T\000I\000M\000E\000M\000S}{subsection.4.12.1}% 143
\BOOKMARK [3][-]{subsubsection.4.12.1.5}{\376\377\0004\000.\0001\0002\000.\0001\000.\0005\000\040\000I\000N\000P\000U\000T\000V\000O\000L\000T\000A\000G\000E\000W\000A\000R\000N\000I\000N\000G\000V}{subsection.4.12.1}% 144
\BOOKMARK [3][-]{subsubsection.4.12.1.6}{\376\377\0004\000.\0001\0002\000.\0001\000.\0006\000\040\000L\000E\000D\000C\000R\000I\000T\000I\000C\000A\000L\000T\000E\000M\000P\000C}{subsection.4.12.1}% 145
\BOOKMARK [3][-]{subsubsection.4.12.1.7}{\376\377\0004\000.\0001\0002\000.\0001\000.\0007\000\040\000L\000E\000D\000W\000A\000R\000N\000I\000N\000G\000T\000E\000M\000P\000C}{subsection.4.12.1}% 146
\BOOKMARK [3][-]{subsubsection.4.12.1.8}{\376\377\0004\000.\0001\0002\000.\0001\000.\0008\000\040\000R\000F\000D\000U\000I\000N\000O\000C\000R\000I\000T\000I\000C\000A\000L\000T\000E\000M\000P\000C}{subsection.4.12.1}% 147
\BOOKMARK [2][-]{subsection.4.12.2}{\376\377\0004\000.\0001\0002\000.\0002\000\040\000F\000u\000n\000c\000t\000i\000o\000n\000\040\000D\000o\000c\000u\000m\000e\000n\000t\000a\000t\000i\000o\000n}{section.4.12}% 148
\BOOKMARK [3][-]{subsubsection.4.12.2.1}{\376\377\0004\000.\0001\0002\000.\0002\000.\0001\000\040\000c\000h\000e\000c\000k\000S\000e\000n\000s\000o\000r\000s\000\050\000v\000o\000i\000d\000\051}{subsection.4.12.2}% 149
\BOOKMARK [3][-]{subsubsection.4.12.2.2}{\376\377\0004\000.\0001\0002\000.\0002\000.\0002\000\040\000g\000e\000t\000I\000n\000p\000u\000t\000V\000o\000l\000t\000a\000g\000e\000i\000n\000m\000V\000\050\000v\000o\000i\000d\000\051}{subsection.4.12.2}% 150
\BOOKMARK [3][-]{subsubsection.4.12.2.3}{\376\377\0004\000.\0001\0002\000.\0002\000.\0003\000\040\000g\000e\000t\000L\000E\000D\000T\000e\000m\000p\000i\000n\000C\000\050\000v\000o\000i\000d\000\051}{subsection.4.12.2}% 151
\BOOKMARK [3][-]{subsubsection.4.12.2.4}{\376\377\0004\000.\0001\0002\000.\0002\000.\0004\000\040\000g\000e\000t\000R\000F\000D\000u\000i\000n\000o\000T\000e\000m\000p\000i\000n\000C\000\050\000v\000o\000i\000d\000\051}{subsection.4.12.2}% 152
\BOOKMARK [2][-]{subsection.4.12.3}{\376\377\0004\000.\0001\0002\000.\0003\000\040\000V\000a\000r\000i\000a\000b\000l\000e\000\040\000D\000o\000c\000u\000m\000e\000n\000t\000a\000t\000i\000o\000n}{section.4.12}% 153
\BOOKMARK [3][-]{subsubsection.4.12.3.1}{\376\377\0004\000.\0001\0002\000.\0003\000.\0001\000\040\000s\000e\000n\000s\000o\000r\000F\000e\000e\000d\000b\000a\000c\000k}{subsection.4.12.3}% 154
\BOOKMARK [1][-]{section.4.13}{\376\377\0004\000.\0001\0003\000\040\000S\000e\000r\000i\000a\000l\000D\000e\000b\000u\000g\000.\000c\000p\000p\000\040\000F\000i\000l\000e\000\040\000R\000e\000f\000e\000r\000e\000n\000c\000e}{chapter.4}% 155
\BOOKMARK [2][-]{subsection.4.13.1}{\376\377\0004\000.\0001\0003\000.\0001\000\040\000F\000u\000n\000c\000t\000i\000o\000n\000\040\000D\000o\000c\000u\000m\000e\000n\000t\000a\000t\000i\000o\000n}{section.4.13}% 156
\BOOKMARK [3][-]{subsubsection.4.13.1.1}{\376\377\0004\000.\0001\0003\000.\0001\000.\0001\000\040\000c\000h\000e\000c\000k\000D\000e\000b\000u\000g\000S\000e\000n\000d\000T\000i\000m\000e\000\050\000v\000o\000i\000d\000\051}{subsection.4.13.1}% 157
\BOOKMARK [3][-]{subsubsection.4.13.1.2}{\376\377\0004\000.\0001\0003\000.\0001\000.\0002\000\040\000c\000h\000e\000c\000k\000S\000e\000r\000i\000a\000l\000\050\000v\000o\000i\000d\000\051}{subsection.4.13.1}% 158
\BOOKMARK [2][-]{subsection.4.13.2}{\376\377\0004\000.\0001\0003\000.\0002\000\040\000V\000a\000r\000i\000a\000b\000l\000e\000\040\000D\000o\000c\000u\000m\000e\000n\000t\000a\000t\000i\000o\000n}{section.4.13}% 159
\BOOKMARK [3][-]{subsubsection.4.13.2.1}{\376\377\0004\000.\0001\0003\000.\0002\000.\0001\000\040\000S\000e\000r\000i\000a\000l\000D\000e\000b\000u\000g\000L\000e\000v\000e\000l}{subsection.4.13.2}% 160
\BOOKMARK [1][-]{section.4.14}{\376\377\0004\000.\0001\0004\000\040\000S\000e\000r\000i\000a\000l\000D\000e\000b\000u\000g\000.\000h\000\040\000F\000i\000l\000e\000\040\000R\000e\000f\000e\000r\000e\000n\000c\000e}{chapter.4}% 161
\BOOKMARK [2][-]{subsection.4.14.1}{\376\377\0004\000.\0001\0004\000.\0001\000\040\000M\000a\000c\000r\000o\000\040\000D\000e\000f\000i\000n\000i\000t\000i\000o\000n\000\040\000D\000o\000c\000u\000m\000e\000n\000t\000a\000t\000i\000o\000n}{section.4.14}% 162
\BOOKMARK [3][-]{subsubsection.4.14.1.1}{\376\377\0004\000.\0001\0004\000.\0001\000.\0001\000\040\000D\000E\000B\000U\000G}{subsection.4.14.1}% 163
\BOOKMARK [3][-]{subsubsection.4.14.1.2}{\376\377\0004\000.\0001\0004\000.\0001\000.\0002\000\040\000D\000E\000B\000U\000G\000L\000F}{subsection.4.14.1}% 164
\BOOKMARK [3][-]{subsubsection.4.14.1.3}{\376\377\0004\000.\0001\0004\000.\0001\000.\0003\000\040\000T\000E\000R\000M\000I\000N\000A\000L}{subsection.4.14.1}% 165
\BOOKMARK [3][-]{subsubsection.4.14.1.4}{\376\377\0004\000.\0001\0004\000.\0001\000.\0004\000\040\000T\000E\000R\000M\000I\000N\000A\000L\000L\000F}{subsection.4.14.1}% 166
\BOOKMARK [3][-]{subsubsection.4.14.1.5}{\376\377\0004\000.\0001\0004\000.\0001\000.\0005\000\040\000T\000I\000M\000E\000D\000D\000E\000B\000U\000G}{subsection.4.14.1}% 167
\BOOKMARK [2][-]{subsection.4.14.2}{\376\377\0004\000.\0001\0004\000.\0002\000\040\000E\000n\000u\000m\000e\000r\000a\000t\000i\000o\000n\000\040\000T\000y\000p\000e\000\040\000D\000o\000c\000u\000m\000e\000n\000t\000a\000t\000i\000o\000n}{section.4.14}% 168
\BOOKMARK [3][-]{subsubsection.4.14.2.1}{\376\377\0004\000.\0001\0004\000.\0002\000.\0001\000\040\000D\000e\000b\000u\000g\000L\000e\000v\000e\000l\000s}{subsection.4.14.2}% 169
\BOOKMARK [2][-]{subsection.4.14.3}{\376\377\0004\000.\0001\0004\000.\0003\000\040\000F\000u\000n\000c\000t\000i\000o\000n\000\040\000D\000o\000c\000u\000m\000e\000n\000t\000a\000t\000i\000o\000n}{section.4.14}% 170
\BOOKMARK [3][-]{subsubsection.4.14.3.1}{\376\377\0004\000.\0001\0004\000.\0003\000.\0001\000\040\000c\000h\000e\000c\000k\000D\000e\000b\000u\000g\000S\000e\000n\000d\000T\000i\000m\000e\000\050\000v\000o\000i\000d\000\051}{subsection.4.14.3}% 171
\BOOKMARK [3][-]{subsubsection.4.14.3.2}{\376\377\0004\000.\0001\0004\000.\0003\000.\0002\000\040\000c\000h\000e\000c\000k\000S\000e\000r\000i\000a\000l\000\050\000v\000o\000i\000d\000\051}{subsection.4.14.3}% 172
\BOOKMARK [2][-]{subsection.4.14.4}{\376\377\0004\000.\0001\0004\000.\0004\000\040\000V\000a\000r\000i\000a\000b\000l\000e\000\040\000D\000o\000c\000u\000m\000e\000n\000t\000a\000t\000i\000o\000n}{section.4.14}% 173
\BOOKMARK [3][-]{subsubsection.4.14.4.1}{\376\377\0004\000.\0001\0004\000.\0004\000.\0001\000\040\000S\000e\000r\000i\000a\000l\000D\000e\000b\000u\000g\000L\000e\000v\000e\000l}{subsection.4.14.4}% 174
\BOOKMARK [1][-]{section.4.15}{\376\377\0004\000.\0001\0005\000\040\000S\000t\000a\000t\000e\000s\000.\000c\000p\000p\000\040\000F\000i\000l\000e\000\040\000R\000e\000f\000e\000r\000e\000n\000c\000e}{chapter.4}% 175
\BOOKMARK [2][-]{subsection.4.15.1}{\376\377\0004\000.\0001\0005\000.\0001\000\040\000F\000u\000n\000c\000t\000i\000o\000n\000\040\000D\000o\000c\000u\000m\000e\000n\000t\000a\000t\000i\000o\000n}{section.4.15}% 176
\BOOKMARK [3][-]{subsubsection.4.15.1.1}{\376\377\0004\000.\0001\0005\000.\0001\000.\0001\000\040\000c\000h\000e\000c\000k\000B\000o\000o\000t\000C\000o\000m\000p\000l\000e\000t\000e\000\050\000v\000o\000i\000d\000\051}{subsection.4.15.1}% 177
\BOOKMARK [3][-]{subsubsection.4.15.1.2}{\376\377\0004\000.\0001\0005\000.\0001\000.\0002\000\040\000c\000h\000e\000c\000k\000S\000t\000a\000t\000e\000\050\000v\000o\000i\000d\000\051}{subsection.4.15.1}% 178
\BOOKMARK [3][-]{subsubsection.4.15.1.3}{\376\377\0004\000.\0001\0005\000.\0001\000.\0003\000\040\000c\000o\000n\000f\000i\000g\000u\000r\000e\000P\000i\000n\000s\000\050\000v\000o\000i\000d\000\051}{subsection.4.15.1}% 179
\BOOKMARK [3][-]{subsubsection.4.15.1.4}{\376\377\0004\000.\0001\0005\000.\0001\000.\0004\000\040\000i\000n\000i\000t\000i\000a\000l\000i\000z\000e\000S\000y\000s\000t\000e\000m\000\050\000v\000o\000i\000d\000\051}{subsection.4.15.1}% 180
\BOOKMARK [3][-]{subsubsection.4.15.1.5}{\376\377\0004\000.\0001\0005\000.\0001\000.\0005\000\040\000p\000r\000i\000n\000t\000S\000t\000a\000r\000t\000U\000p\000D\000a\000t\000a\000\050\000v\000o\000i\000d\000\051}{subsection.4.15.1}% 181
\BOOKMARK [3][-]{subsubsection.4.15.1.6}{\376\377\0004\000.\0001\0005\000.\0001\000.\0006\000\040\000S\000C\000F\000a\000u\000l\000t\000S\000t\000a\000t\000e\000\050\000v\000o\000i\000d\000\051}{subsection.4.15.1}% 182
\BOOKMARK [3][-]{subsubsection.4.15.1.7}{\376\377\0004\000.\0001\0005\000.\0001\000.\0007\000\040\000S\000C\000N\000o\000m\000i\000n\000a\000l\000S\000t\000a\000t\000e\000\050\000v\000o\000i\000d\000\051}{subsection.4.15.1}% 183
\BOOKMARK [3][-]{subsubsection.4.15.1.8}{\376\377\0004\000.\0001\0005\000.\0001\000.\0008\000\040\000s\000e\000t\000S\000t\000a\000t\000e\000\050\000v\000o\000i\000d\000\051}{subsection.4.15.1}% 184
\BOOKMARK [2][-]{subsection.4.15.2}{\376\377\0004\000.\0001\0005\000.\0002\000\040\000V\000a\000r\000i\000a\000b\000l\000e\000\040\000D\000o\000c\000u\000m\000e\000n\000t\000a\000t\000i\000o\000n}{section.4.15}% 185
\BOOKMARK [3][-]{subsubsection.4.15.2.1}{\376\377\0004\000.\0001\0005\000.\0002\000.\0001\000\040\000n\000e\000w\000S\000t\000a\000t\000e\000P\000r\000i\000n\000t\000F\000l\000a\000g}{subsection.4.15.2}% 186
\BOOKMARK [3][-]{subsubsection.4.15.2.2}{\376\377\0004\000.\0001\0005\000.\0002\000.\0002\000\040\000S\000t\000a\000r\000t\000u\000p\000T\000i\000m\000e\000r}{subsection.4.15.2}% 187
\BOOKMARK [1][-]{section.4.16}{\376\377\0004\000.\0001\0006\000\040\000S\000t\000a\000t\000e\000s\000.\000h\000\040\000F\000i\000l\000e\000\040\000R\000e\000f\000e\000r\000e\000n\000c\000e}{chapter.4}% 188
\BOOKMARK [2][-]{subsection.4.16.1}{\376\377\0004\000.\0001\0006\000.\0001\000\040\000E\000n\000u\000m\000e\000r\000a\000t\000i\000o\000n\000\040\000T\000y\000p\000e\000\040\000D\000o\000c\000u\000m\000e\000n\000t\000a\000t\000i\000o\000n}{section.4.16}% 189
\BOOKMARK [3][-]{subsubsection.4.16.1.1}{\376\377\0004\000.\0001\0006\000.\0001\000.\0001\000\040\000S\000t\000a\000t\000e\000s}{subsection.4.16.1}% 190
\BOOKMARK [2][-]{subsection.4.16.2}{\376\377\0004\000.\0001\0006\000.\0002\000\040\000F\000u\000n\000c\000t\000i\000o\000n\000\040\000D\000o\000c\000u\000m\000e\000n\000t\000a\000t\000i\000o\000n}{section.4.16}% 191
\BOOKMARK [3][-]{subsubsection.4.16.2.1}{\376\377\0004\000.\0001\0006\000.\0002\000.\0001\000\040\000c\000h\000e\000c\000k\000B\000o\000o\000t\000C\000o\000m\000p\000l\000e\000t\000e\000\050\000v\000o\000i\000d\000\051}{subsection.4.16.2}% 192
\BOOKMARK [3][-]{subsubsection.4.16.2.2}{\376\377\0004\000.\0001\0006\000.\0002\000.\0002\000\040\000c\000o\000n\000f\000i\000g\000u\000r\000e\000P\000i\000n\000s\000\050\000v\000o\000i\000d\000\051}{subsection.4.16.2}% 193
\BOOKMARK [3][-]{subsubsection.4.16.2.3}{\376\377\0004\000.\0001\0006\000.\0002\000.\0003\000\040\000i\000n\000i\000t\000i\000a\000l\000i\000z\000e\000S\000y\000s\000t\000e\000m\000\050\000v\000o\000i\000d\000\051}{subsection.4.16.2}% 194
\BOOKMARK [3][-]{subsubsection.4.16.2.4}{\376\377\0004\000.\0001\0006\000.\0002\000.\0004\000\040\000o\000n\000R\000a\000d\000i\000o\000C\000o\000n\000n\000e\000c\000t\000\050\000v\000o\000i\000d\000\051}{subsection.4.16.2}% 195
\BOOKMARK [3][-]{subsubsection.4.16.2.5}{\376\377\0004\000.\0001\0006\000.\0002\000.\0005\000\040\000o\000n\000R\000a\000d\000i\000o\000D\000i\000s\000c\000o\000n\000n\000e\000c\000t\000\050\000v\000o\000i\000d\000\051}{subsection.4.16.2}% 196
\BOOKMARK [3][-]{subsubsection.4.16.2.6}{\376\377\0004\000.\0001\0006\000.\0002\000.\0006\000\040\000p\000r\000i\000n\000t\000S\000t\000a\000r\000t\000U\000p\000D\000a\000t\000a\000\050\000v\000o\000i\000d\000\051}{subsection.4.16.2}% 197
\BOOKMARK [3][-]{subsubsection.4.16.2.7}{\376\377\0004\000.\0001\0006\000.\0002\000.\0007\000\040\000s\000e\000t\000S\000t\000a\000t\000e\000\050\000v\000o\000i\000d\000\051}{subsection.4.16.2}% 198
\BOOKMARK [0][-]{section*.107}{\376\377\000I\000n\000d\000e\000x}{}% 199
